0 info it worked if it ends with ok
1 verbose cli [ '/usr/local/bin/node',
1 verbose cli   '/usr/local/bin/npm',
1 verbose cli   'install',
1 verbose cli   '-g',
1 verbose cli   'csvtojson' ]
2 info using npm@2.14.9
3 info using node@v0.12.9
4 verbose install initial load of /usr/local/lib/package.json
5 verbose readDependencies loading dependencies from /usr/local/lib/package.json
6 silly cache add args [ 'csvtojson', null ]
7 verbose cache add spec csvtojson
8 silly cache add parsed spec { raw: 'csvtojson',
8 silly cache add   scope: null,
8 silly cache add   name: 'csvtojson',
8 silly cache add   rawSpec: '',
8 silly cache add   spec: '*',
8 silly cache add   type: 'range' }
9 silly addNamed csvtojson@*
10 verbose addNamed "*" is a valid semver range for csvtojson
11 silly addNameRange { name: 'csvtojson', range: '*', hasData: false }
12 silly mapToRegistry name csvtojson
13 silly mapToRegistry using default registry
14 silly mapToRegistry registry https://registry.npmjs.org/
15 silly mapToRegistry uri https://registry.npmjs.org/csvtojson
16 verbose addNameRange registry:https://registry.npmjs.org/csvtojson not in flight; fetching
17 verbose request uri https://registry.npmjs.org/csvtojson
18 verbose request no auth needed
19 info attempt registry request try #1 at 8:34:35 PM
20 verbose request id 086056d21f696427
21 verbose etag "9E7HLX0K4XE69LF2KHR0M47U1"
22 http request GET https://registry.npmjs.org/csvtojson
23 http 304 https://registry.npmjs.org/csvtojson
24 verbose headers { date: 'Fri, 11 Dec 2015 01:34:36 GMT',
24 verbose headers   via: '1.1 varnish',
24 verbose headers   'cache-control': 'max-age=300',
24 verbose headers   etag: '"9E7HLX0K4XE69LF2KHR0M47U1"',
24 verbose headers   age: '0',
24 verbose headers   connection: 'keep-alive',
24 verbose headers   'x-served-by': 'cache-jfk1029-JFK',
24 verbose headers   'x-cache': 'HIT',
24 verbose headers   'x-cache-hits': '1',
24 verbose headers   'x-timer': 'S1449797676.124896,VS0,VE19',
24 verbose headers   vary: 'Accept' }
25 silly get cb [ 304,
25 silly get   { date: 'Fri, 11 Dec 2015 01:34:36 GMT',
25 silly get     via: '1.1 varnish',
25 silly get     'cache-control': 'max-age=300',
25 silly get     etag: '"9E7HLX0K4XE69LF2KHR0M47U1"',
25 silly get     age: '0',
25 silly get     connection: 'keep-alive',
25 silly get     'x-served-by': 'cache-jfk1029-JFK',
25 silly get     'x-cache': 'HIT',
25 silly get     'x-cache-hits': '1',
25 silly get     'x-timer': 'S1449797676.124896,VS0,VE19',
25 silly get     vary: 'Accept' } ]
26 verbose etag https://registry.npmjs.org/csvtojson from cache
27 verbose get saving csvtojson to /home/mavyp/.npm/registry.npmjs.org/csvtojson/.cache.json
28 silly addNameRange number 2 { name: 'csvtojson', range: '*', hasData: true }
29 silly addNameRange versions [ 'csvtojson',
29 silly addNameRange   [ '0.1.0',
29 silly addNameRange     '0.1.1',
29 silly addNameRange     '0.1.2',
29 silly addNameRange     '0.1.3',
29 silly addNameRange     '0.1.4',
29 silly addNameRange     '0.1.5',
29 silly addNameRange     '0.1.6',
29 silly addNameRange     '0.1.7',
29 silly addNameRange     '0.2.0',
29 silly addNameRange     '0.2.1',
29 silly addNameRange     '0.2.2',
29 silly addNameRange     '0.3.0',
29 silly addNameRange     '0.3.1',
29 silly addNameRange     '0.3.2',
29 silly addNameRange     '0.3.3',
29 silly addNameRange     '0.3.4',
29 silly addNameRange     '0.3.5',
29 silly addNameRange     '0.3.6',
29 silly addNameRange     '0.3.7',
29 silly addNameRange     '0.3.8',
29 silly addNameRange     '0.3.9',
29 silly addNameRange     '0.3.10',
29 silly addNameRange     '0.3.11',
29 silly addNameRange     '0.3.12',
29 silly addNameRange     '0.3.13',
29 silly addNameRange     '0.3.14',
29 silly addNameRange     '0.3.15',
29 silly addNameRange     '0.3.16',
29 silly addNameRange     '0.3.17',
29 silly addNameRange     '0.3.18',
29 silly addNameRange     '0.3.19',
29 silly addNameRange     '0.3.20',
29 silly addNameRange     '0.3.21',
29 silly addNameRange     '0.4.0',
29 silly addNameRange     '0.4.1',
29 silly addNameRange     '0.4.2',
29 silly addNameRange     '0.4.3',
29 silly addNameRange     '0.4.4',
29 silly addNameRange     '0.4.5',
29 silly addNameRange     '0.4.6',
29 silly addNameRange     '0.4.7' ] ]
30 silly addNamed csvtojson@0.4.7
31 verbose addNamed "0.4.7" is a plain semver version for csvtojson
32 silly cache afterAdd csvtojson@0.4.7
33 verbose afterAdd /home/mavyp/.npm/csvtojson/0.4.7/package/package.json not in flight; writing
34 verbose afterAdd /home/mavyp/.npm/csvtojson/0.4.7/package/package.json written
35 silly install resolved [ { name: 'csvtojson',
35 silly install resolved     description: 'A tool concentrating on converting csv data to JSON with customised parser supporting',
35 silly install resolved     author: { name: 'Keyang Xiang', email: 'keyang.xiang@gmail.com' },
35 silly install resolved     homepage: 'http://keyangxiang.com/blog/csv2json/',
35 silly install resolved     bugs: { url: 'https://github.com/Keyang/node-csvtojson/issues' },
35 silly install resolved     repository:
35 silly install resolved      { type: 'git',
35 silly install resolved        url: 'git+https://github.com/Keyang/node-csvtojson.git' },
35 silly install resolved     contributors: [ [Object], [Object] ],
35 silly install resolved     version: '0.4.7',
35 silly install resolved     keywords: [ 'csv', 'json', 'convert', 'parser', 'exntendible', 'plugin' ],
35 silly install resolved     bin: { csvtojson: './bin/csvtojson' },
35 silly install resolved     license: [ [Object] ],
35 silly install resolved     engines: { node: '>=0.10' },
35 silly install resolved     devDependencies:
35 silly install resolved      { grunt: '^0.4.5',
35 silly install resolved        'grunt-contrib-jshint': '^0.11.2',
35 silly install resolved        'grunt-contrib-uglify': '^0.9.1',
35 silly install resolved        'grunt-contrib-watch': '^0.6.1',
35 silly install resolved        'grunt-git': '^0.3.5',
35 silly install resolved        'grunt-madge': '0.0.6',
35 silly install resolved        'grunt-mocha-test': '^0.12.7',
35 silly install resolved        'grunt-newer': '^1.1.0',
35 silly install resolved        imgur: '^0.1.5',
35 silly install resolved        mocha: '^2.2.5' },
35 silly install resolved     dependencies: { async: '^1.2.1' },
35 silly install resolved     gitHead: '9bd6bd42b903f3df26d74e58bae135d6cd57452d',
35 silly install resolved     _id: 'csvtojson@0.4.7',
35 silly install resolved     scripts: {},
35 silly install resolved     _shasum: '91bca94fca74194ecc5c43c8025c23e922e72e5c',
35 silly install resolved     _from: 'csvtojson@*',
35 silly install resolved     _npmVersion: '2.9.1',
35 silly install resolved     _nodeVersion: '0.12.3',
35 silly install resolved     _npmUser: { name: 'keyang', email: 'keyang.xiang@gmail.com' },
35 silly install resolved     maintainers: [ [Object] ],
35 silly install resolved     dist:
35 silly install resolved      { shasum: '91bca94fca74194ecc5c43c8025c23e922e72e5c',
35 silly install resolved        tarball: 'http://registry.npmjs.org/csvtojson/-/csvtojson-0.4.7.tgz' },
35 silly install resolved     directories: {},
35 silly install resolved     _resolved: 'https://registry.npmjs.org/csvtojson/-/csvtojson-0.4.7.tgz',
35 silly install resolved     readme: 'ERROR: No README data found!' } ]
36 info install csvtojson@0.4.7 into /usr/local/lib
37 info installOne csvtojson@0.4.7
38 verbose installOne of csvtojson to /usr/local/lib not in flight; installing
39 verbose lock using /home/mavyp/.npm/_locks/csvtojson-02f57ef07f3551e3.lock for /usr/local/lib/node_modules/csvtojson
40 silly install write writing csvtojson 0.4.7 to /usr/local/lib/node_modules/csvtojson
41 verbose unbuild lib/node_modules/csvtojson
42 silly gentlyRm /usr/local/lib/node_modules/csvtojson is being purged from base /usr/local
43 verbose gentlyRm don't care about contents; nuking /usr/local/lib/node_modules/csvtojson
44 verbose tar unpack /home/mavyp/.npm/csvtojson/0.4.7/package.tgz
45 verbose tar unpacking to /usr/local/lib/node_modules/csvtojson
46 silly gentlyRm /usr/local/lib/node_modules/csvtojson is being purged
47 verbose gentlyRm don't care about contents; nuking /usr/local/lib/node_modules/csvtojson
48 silly gunzTarPerm modes [ '775', '664' ]
49 error tar.unpack untar error /home/mavyp/.npm/csvtojson/0.4.7/package.tgz
50 verbose unlock done using /home/mavyp/.npm/_locks/csvtojson-02f57ef07f3551e3.lock for /usr/local/lib/node_modules/csvtojson
51 verbose fstream_path /usr/local/lib/node_modules/csvtojson
52 verbose fstream_type Directory
53 verbose fstream_class DirWriter
54 verbose stack Error: EACCES, mkdir '/usr/local/lib/node_modules/csvtojson'
54 verbose stack     at Error (native)
55 verbose fstream_stack /usr/local/lib/node_modules/npm/node_modules/fstream/lib/dir-writer.js:35:25
55 verbose fstream_stack /usr/local/lib/node_modules/npm/node_modules/mkdirp/index.js:47:53
55 verbose fstream_stack FSReqWrap.oncomplete (fs.js:95:15)
56 verbose cwd /home/mavyp/Desktop/LASP/csvtojson
57 error Linux 2.6.32-573.el6.x86_64
58 error argv "/usr/local/bin/node" "/usr/local/bin/npm" "install" "-g" "csvtojson"
59 error node v0.12.9
60 error npm  v2.14.9
61 error path /usr/local/lib/node_modules/csvtojson
62 error code EACCES
63 error errno -13
64 error Error: EACCES, mkdir '/usr/local/lib/node_modules/csvtojson'
64 error     at Error (native)
64 error  { [Error: EACCES, mkdir '/usr/local/lib/node_modules/csvtojson']
64 error   errno: -13,
64 error   code: 'EACCES',
64 error   path: '/usr/local/lib/node_modules/csvtojson',
64 error   fstream_type: 'Directory',
64 error   fstream_path: '/usr/local/lib/node_modules/csvtojson',
64 error   fstream_class: 'DirWriter',
64 error   fstream_stack:
64 error    [ '/usr/local/lib/node_modules/npm/node_modules/fstream/lib/dir-writer.js:35:25',
64 error      '/usr/local/lib/node_modules/npm/node_modules/mkdirp/index.js:47:53',
64 error      'FSReqWrap.oncomplete (fs.js:95:15)' ] }
65 error Please try running this command again as root/Administrator.
66 verbose exit [ -13, true ]
67 verbose unbuild lib/node_modules/csvtojson
68 silly gentlyRm /usr/local/lib/node_modules/csvtojson is being purged from base /usr/local
69 verbose gentlyRm don't care about contents; nuking /usr/local/lib/node_modules/csvtojson
